2018-07-21 09:43:26.941  INFO 4142 --- [main] c.example.spring06.Spring06Application   : Starting Spring06Application on yjk-GL72M-7REX with PID 4142 (started by yjk in /home/yjk/桌面/project/spring06)
2018-07-21 09:43:26.944  INFO 4142 --- [main] c.example.spring06.Spring06Application   : No active profile set, falling back to default profiles: default
2018-07-21 09:43:26.974  INFO 4142 --- [main] ConfigServletWebServerApplicationContext : Refreshing org.springframework.boot.web.servlet.context.AnnotationConfigServletWebServerApplicationContext@4278a03f: startup date [Sat Jul 21 09:43:26 CST 2018]; root of context hierarchy
2018-07-21 09:43:27.609  INFO 4142 --- [main] o.s.b.w.embedded.tomcat.TomcatWebServer  : Tomcat initialized with port(s): 8080 (http)
2018-07-21 09:43:27.620  INFO 4142 --- [main] o.apache.catalina.core.StandardService   : Starting service [Tomcat]
2018-07-21 09:43:27.621  INFO 4142 --- [main] org.apache.catalina.core.StandardEngine  : Starting Servlet Engine: Apache Tomcat/8.5.31
2018-07-21 09:43:27.624  INFO 4142 --- [localhost-startStop-1] o.a.catalina.core.AprLifecycleListener   : The APR based Apache Tomcat Native library which allows optimal performance in production environments was not found on the java.library.path: [/usr/java/packages/lib/amd64:/usr/lib64:/lib64:/lib:/usr/lib]
2018-07-21 09:43:27.660  INFO 4142 --- [localhost-startStop-1] o.a.c.c.C.[Tomcat].[localhost].[/]       : Initializing Spring embedded WebApplicationContext
2018-07-21 09:43:27.660  INFO 4142 --- [localhost-startStop-1] o.s.web.context.ContextLoader            : Root WebApplicationContext: initialization completed in 686 ms
2018-07-21 09:43:27.714  INFO 4142 --- [localhost-startStop-1] o.s.b.w.servlet.ServletRegistrationBean  : Servlet dispatcherServlet mapped to [/]
2018-07-21 09:43:27.716  INFO 4142 --- [localhost-startStop-1] o.s.b.w.servlet.FilterRegistrationBean   : Mapping filter: 'characterEncodingFilter' to: [/*]
2018-07-21 09:43:27.716  INFO 4142 --- [localhost-startStop-1] o.s.b.w.servlet.FilterRegistrationBean   : Mapping filter: 'hiddenHttpMethodFilter' to: [/*]
2018-07-21 09:43:27.716  INFO 4142 --- [localhost-startStop-1] o.s.b.w.servlet.FilterRegistrationBean   : Mapping filter: 'httpPutFormContentFilter' to: [/*]
2018-07-21 09:43:27.717  INFO 4142 --- [localhost-startStop-1] o.s.b.w.servlet.FilterRegistrationBean   : Mapping filter: 'requestContextFilter' to: [/*]
2018-07-21 09:43:27.779  INFO 4142 --- [main] o.s.w.s.handler.SimpleUrlHandlerMapping  : Mapped URL path [/**/favicon.ico] onto handler of type [class org.springframework.web.servlet.resource.ResourceHttpRequestHandler]
2018-07-21 09:43:27.939  INFO 4142 --- [main] s.w.s.m.m.a.RequestMappingHandlerAdapter : Looking for @ControllerAdvice: org.springframework.boot.web.servlet.context.AnnotationConfigServletWebServerApplicationContext@4278a03f: startup date [Sat Jul 21 09:43:26 CST 2018]; root of context hierarchy
2018-07-21 09:43:27.977  INFO 4142 --- [main] s.w.s.m.m.a.RequestMappingHandlerMapping : Mapped "{[/error],produces=[text/html]}" onto public org.springframework.web.servlet.ModelAndView org.springframework.boot.autoconfigure.web.servlet.error.BasicErrorController.errorHtml(javax.servlet.http.HttpServletRequest,javax.servlet.http.HttpServletResponse)
2018-07-21 09:43:27.978  INFO 4142 --- [main] s.w.s.m.m.a.RequestMappingHandlerMapping : Mapped "{[/error]}" onto public org.springframework.http.ResponseEntity<java.util.Map<java.lang.String, java.lang.Object>> org.springframework.boot.autoconfigure.web.servlet.error.BasicErrorController.error(javax.servlet.http.HttpServletRequest)
2018-07-21 09:43:27.991  INFO 4142 --- [main] o.s.w.s.handler.SimpleUrlHandlerMapping  : Mapped URL path [/webjars/**] onto handler of type [class org.springframework.web.servlet.resource.ResourceHttpRequestHandler]
2018-07-21 09:43:27.991  INFO 4142 --- [main] o.s.w.s.handler.SimpleUrlHandlerMapping  : Mapped URL path [/**] onto handler of type [class org.springframework.web.servlet.resource.ResourceHttpRequestHandler]
2018-07-21 09:43:28.063  INFO 4142 --- [main] o.s.j.e.a.AnnotationMBeanExporter        : Registering beans for JMX exposure on startup
2018-07-21 09:43:28.082  INFO 4142 --- [main] o.s.b.w.embedded.tomcat.TomcatWebServer  : Tomcat started on port(s): 8080 (http) with context path ''
2018-07-21 09:43:28.084  INFO 4142 --- [main] c.example.spring06.Spring06Application   : Started Spring06Application in 1.379 seconds (JVM running for 1.734)
2018-07-21 09:45:21.120  INFO 4142 --- [Thread-6] ConfigServletWebServerApplicationContext : Closing org.springframework.boot.web.servlet.context.AnnotationConfigServletWebServerApplicationContext@4278a03f: startup date [Sat Jul 21 09:43:26 CST 2018]; root of context hierarchy
2018-07-21 09:45:21.123  INFO 4142 --- [Thread-6] o.s.j.e.a.AnnotationMBeanExporter        : Unregistering JMX-exposed beans on shutdown
