2018-07-21 11:03:18.068  INFO yjk-GL72M-7REX --- [           main] c.e.s.Spring06Application                : Starting Spring06Application on yjk-GL72M-7REX with PID 9490 (started by yjk in /home/yjk/桌面/project/spring06)
2018-07-21 11:03:18.072 DEBUG yjk-GL72M-7REX --- [           main] c.e.s.Spring06Application                : Running with Spring Boot v2.0.3.RELEASE, Spring v5.0.7.RELEASE
2018-07-21 11:03:18.073  INFO yjk-GL72M-7REX --- [           main] c.e.s.Spring06Application                : The following profiles are active: dev
2018-07-21 11:03:18.128  INFO yjk-GL72M-7REX --- [           main] ConfigServletWebServerApplicationContext : Refreshing org.springframework.boot.web.servlet.context.AnnotationConfigServletWebServerApplicationContext@fa36558: startup date [Sat Jul 21 11:03:18 CST 2018]; root of context hierarchy
2018-07-21 11:03:18.781  INFO yjk-GL72M-7REX --- [           main] o.s.b.w.e.t.TomcatWebServer              : Tomcat initialized with port(s): 8080 (http)
2018-07-21 11:03:18.792  INFO yjk-GL72M-7REX --- [           main] o.a.c.h.Http11NioProtocol                : Initializing ProtocolHandler ["http-nio-8080"]
2018-07-21 11:03:18.798  INFO yjk-GL72M-7REX --- [           main] o.a.c.c.StandardService                  : Starting service [Tomcat]
2018-07-21 11:03:18.798  INFO yjk-GL72M-7REX --- [           main] o.a.c.c.StandardEngine                   : Starting Servlet Engine: Apache Tomcat/8.5.31
2018-07-21 11:03:18.801  INFO yjk-GL72M-7REX --- [ost-startStop-1] o.a.c.c.AprLifecycleListener             : The APR based Apache Tomcat Native library which allows optimal performance in production environments was not found on the java.library.path: [/usr/java/packages/lib/amd64:/usr/lib64:/lib64:/lib:/usr/lib]
2018-07-21 11:03:18.852  INFO yjk-GL72M-7REX --- [ost-startStop-1] o.a.c.c.C.[.[.[/]                        : Initializing Spring embedded WebApplicationContext
2018-07-21 11:03:18.853  INFO yjk-GL72M-7REX --- [ost-startStop-1] o.s.w.c.ContextLoader                    : Root WebApplicationContext: initialization completed in 747 ms
2018-07-21 11:03:18.909  INFO yjk-GL72M-7REX --- [ost-startStop-1] o.s.b.w.s.ServletRegistrationBean        : Servlet dispatcherServlet mapped to [/]
2018-07-21 11:03:18.912  INFO yjk-GL72M-7REX --- [ost-startStop-1] o.s.b.w.s.FilterRegistrationBean         : Mapping filter: 'characterEncodingFilter' to: [/*]
2018-07-21 11:03:18.912  INFO yjk-GL72M-7REX --- [ost-startStop-1] o.s.b.w.s.FilterRegistrationBean         : Mapping filter: 'hiddenHttpMethodFilter' to: [/*]
2018-07-21 11:03:18.912  INFO yjk-GL72M-7REX --- [ost-startStop-1] o.s.b.w.s.FilterRegistrationBean         : Mapping filter: 'httpPutFormContentFilter' to: [/*]
2018-07-21 11:03:18.912  INFO yjk-GL72M-7REX --- [ost-startStop-1] o.s.b.w.s.FilterRegistrationBean         : Mapping filter: 'requestContextFilter' to: [/*]
2018-07-21 11:03:18.976  INFO yjk-GL72M-7REX --- [           main] o.s.w.s.h.SimpleUrlHandlerMapping        : Mapped URL path [/**/favicon.ico] onto handler of type [class org.springframework.web.servlet.resource.ResourceHttpRequestHandler]
2018-07-21 11:03:19.120  INFO yjk-GL72M-7REX --- [           main] s.w.s.m.m.a.RequestMappingHandlerAdapter : Looking for @ControllerAdvice: org.springframework.boot.web.servlet.context.AnnotationConfigServletWebServerApplicationContext@fa36558: startup date [Sat Jul 21 11:03:18 CST 2018]; root of context hierarchy
2018-07-21 11:03:19.153  INFO yjk-GL72M-7REX --- [           main] s.w.s.m.m.a.RequestMappingHandlerMapping : Mapped "{[/error],produces=[text/html]}" onto public org.springframework.web.servlet.ModelAndView org.springframework.boot.autoconfigure.web.servlet.error.BasicErrorController.errorHtml(javax.servlet.http.HttpServletRequest,javax.servlet.http.HttpServletResponse)
2018-07-21 11:03:19.154  INFO yjk-GL72M-7REX --- [           main] s.w.s.m.m.a.RequestMappingHandlerMapping : Mapped "{[/error]}" onto public org.springframework.http.ResponseEntity<java.util.Map<java.lang.String, java.lang.Object>> org.springframework.boot.autoconfigure.web.servlet.error.BasicErrorController.error(javax.servlet.http.HttpServletRequest)
2018-07-21 11:03:19.166  INFO yjk-GL72M-7REX --- [           main] o.s.w.s.h.SimpleUrlHandlerMapping        : Mapped URL path [/webjars/**] onto handler of type [class org.springframework.web.servlet.resource.ResourceHttpRequestHandler]
2018-07-21 11:03:19.167  INFO yjk-GL72M-7REX --- [           main] o.s.w.s.h.SimpleUrlHandlerMapping        : Mapped URL path [/**] onto handler of type [class org.springframework.web.servlet.resource.ResourceHttpRequestHandler]
2018-07-21 11:03:19.243  INFO yjk-GL72M-7REX --- [           main] o.s.j.e.a.AnnotationMBeanExporter        : Registering beans for JMX exposure on startup
2018-07-21 11:03:19.252  INFO yjk-GL72M-7REX --- [           main] o.a.c.h.Http11NioProtocol                : Starting ProtocolHandler ["http-nio-8080"]
2018-07-21 11:03:19.255  INFO yjk-GL72M-7REX --- [           main] o.a.t.u.n.NioSelectorPool                : Using a shared selector for servlet write/read
2018-07-21 11:03:19.262  INFO yjk-GL72M-7REX --- [           main] o.s.b.w.e.t.TomcatWebServer              : Tomcat started on port(s): 8080 (http) with context path ''
2018-07-21 11:03:19.264  INFO yjk-GL72M-7REX --- [           main] c.e.s.Spring06Application                : Started Spring06Application in 1.477 seconds (JVM running for 2.057)
2018-07-21 11:03:53.888  INFO yjk-GL72M-7REX --- [       Thread-6] ConfigServletWebServerApplicationContext : Closing org.springframework.boot.web.servlet.context.AnnotationConfigServletWebServerApplicationContext@fa36558: startup date [Sat Jul 21 11:03:18 CST 2018]; root of context hierarchy
2018-07-21 11:03:53.891  INFO yjk-GL72M-7REX --- [       Thread-6] o.s.j.e.a.AnnotationMBeanExporter        : Unregistering JMX-exposed beans on shutdown
2018-07-21 11:03:55.784  INFO yjk-GL72M-7REX --- [           main] c.e.s.Spring06Application                : Starting Spring06Application on yjk-GL72M-7REX with PID 9622 (started by yjk in /home/yjk/桌面/project/spring06)
2018-07-21 11:03:55.787 DEBUG yjk-GL72M-7REX --- [           main] c.e.s.Spring06Application                : Running with Spring Boot v2.0.3.RELEASE, Spring v5.0.7.RELEASE
2018-07-21 11:03:55.788  INFO yjk-GL72M-7REX --- [           main] c.e.s.Spring06Application                : The following profiles are active: dev
2018-07-21 11:03:55.836  INFO yjk-GL72M-7REX --- [           main] ConfigServletWebServerApplicationContext : Refreshing org.springframework.boot.web.servlet.context.AnnotationConfigServletWebServerApplicationContext@6236eb5f: startup date [Sat Jul 21 11:03:55 CST 2018]; root of context hierarchy
2018-07-21 11:03:56.428  INFO yjk-GL72M-7REX --- [           main] o.s.b.w.e.t.TomcatWebServer              : Tomcat initialized with port(s): 8080 (http)
2018-07-21 11:03:56.441  INFO yjk-GL72M-7REX --- [           main] o.a.c.h.Http11NioProtocol                : Initializing ProtocolHandler ["http-nio-8080"]
2018-07-21 11:03:56.446  INFO yjk-GL72M-7REX --- [           main] o.a.c.c.StandardService                  : Starting service [Tomcat]
2018-07-21 11:03:56.447  INFO yjk-GL72M-7REX --- [           main] o.a.c.c.StandardEngine                   : Starting Servlet Engine: Apache Tomcat/8.5.31
2018-07-21 11:03:56.453  INFO yjk-GL72M-7REX --- [ost-startStop-1] o.a.c.c.AprLifecycleListener             : The APR based Apache Tomcat Native library which allows optimal performance in production environments was not found on the java.library.path: [/usr/java/packages/lib/amd64:/usr/lib64:/lib64:/lib:/usr/lib]
2018-07-21 11:03:56.506  INFO yjk-GL72M-7REX --- [ost-startStop-1] o.a.c.c.C.[.[.[/]                        : Initializing Spring embedded WebApplicationContext
2018-07-21 11:03:56.506  INFO yjk-GL72M-7REX --- [ost-startStop-1] o.s.w.c.ContextLoader                    : Root WebApplicationContext: initialization completed in 673 ms
2018-07-21 11:03:56.558  INFO yjk-GL72M-7REX --- [ost-startStop-1] o.s.b.w.s.ServletRegistrationBean        : Servlet dispatcherServlet mapped to [/]
2018-07-21 11:03:56.560  INFO yjk-GL72M-7REX --- [ost-startStop-1] o.s.b.w.s.FilterRegistrationBean         : Mapping filter: 'characterEncodingFilter' to: [/*]
2018-07-21 11:03:56.560  INFO yjk-GL72M-7REX --- [ost-startStop-1] o.s.b.w.s.FilterRegistrationBean         : Mapping filter: 'hiddenHttpMethodFilter' to: [/*]
2018-07-21 11:03:56.560  INFO yjk-GL72M-7REX --- [ost-startStop-1] o.s.b.w.s.FilterRegistrationBean         : Mapping filter: 'httpPutFormContentFilter' to: [/*]
2018-07-21 11:03:56.561  INFO yjk-GL72M-7REX --- [ost-startStop-1] o.s.b.w.s.FilterRegistrationBean         : Mapping filter: 'requestContextFilter' to: [/*]
2018-07-21 11:03:56.616  INFO yjk-GL72M-7REX --- [           main] o.s.w.s.h.SimpleUrlHandlerMapping        : Mapped URL path [/**/favicon.ico] onto handler of type [class org.springframework.web.servlet.resource.ResourceHttpRequestHandler]
2018-07-21 11:03:56.749  INFO yjk-GL72M-7REX --- [           main] s.w.s.m.m.a.RequestMappingHandlerAdapter : Looking for @ControllerAdvice: org.springframework.boot.web.servlet.context.AnnotationConfigServletWebServerApplicationContext@6236eb5f: startup date [Sat Jul 21 11:03:55 CST 2018]; root of context hierarchy
2018-07-21 11:03:56.782  INFO yjk-GL72M-7REX --- [           main] s.w.s.m.m.a.RequestMappingHandlerMapping : Mapped "{[/error],produces=[text/html]}" onto public org.springframework.web.servlet.ModelAndView org.springframework.boot.autoconfigure.web.servlet.error.BasicErrorController.errorHtml(javax.servlet.http.HttpServletRequest,javax.servlet.http.HttpServletResponse)
2018-07-21 11:03:56.783  INFO yjk-GL72M-7REX --- [           main] s.w.s.m.m.a.RequestMappingHandlerMapping : Mapped "{[/error]}" onto public org.springframework.http.ResponseEntity<java.util.Map<java.lang.String, java.lang.Object>> org.springframework.boot.autoconfigure.web.servlet.error.BasicErrorController.error(javax.servlet.http.HttpServletRequest)
2018-07-21 11:03:56.795  INFO yjk-GL72M-7REX --- [           main] o.s.w.s.h.SimpleUrlHandlerMapping        : Mapped URL path [/webjars/**] onto handler of type [class org.springframework.web.servlet.resource.ResourceHttpRequestHandler]
2018-07-21 11:03:56.796  INFO yjk-GL72M-7REX --- [           main] o.s.w.s.h.SimpleUrlHandlerMapping        : Mapped URL path [/**] onto handler of type [class org.springframework.web.servlet.resource.ResourceHttpRequestHandler]
2018-07-21 11:03:56.867  INFO yjk-GL72M-7REX --- [           main] o.s.j.e.a.AnnotationMBeanExporter        : Registering beans for JMX exposure on startup
2018-07-21 11:03:56.876  INFO yjk-GL72M-7REX --- [           main] o.a.c.h.Http11NioProtocol                : Starting ProtocolHandler ["http-nio-8080"]
2018-07-21 11:03:56.879  INFO yjk-GL72M-7REX --- [           main] o.a.t.u.n.NioSelectorPool                : Using a shared selector for servlet write/read
2018-07-21 11:03:56.886  INFO yjk-GL72M-7REX --- [           main] o.s.b.w.e.t.TomcatWebServer              : Tomcat started on port(s): 8080 (http) with context path ''
2018-07-21 11:03:56.888  INFO yjk-GL72M-7REX --- [           main] c.e.s.Spring06Application                : Started Spring06Application in 1.383 seconds (JVM running for 1.972)
2018-07-21 11:04:30.929  INFO yjk-GL72M-7REX --- [       Thread-6] ConfigServletWebServerApplicationContext : Closing org.springframework.boot.web.servlet.context.AnnotationConfigServletWebServerApplicationContext@6236eb5f: startup date [Sat Jul 21 11:03:55 CST 2018]; root of context hierarchy
2018-07-21 11:04:30.931  INFO yjk-GL72M-7REX --- [       Thread-6] o.s.j.e.a.AnnotationMBeanExporter        : Unregistering JMX-exposed beans on shutdown
2018-07-21 11:05:56.395  INFO yjk-GL72M-7REX --- [           main] c.e.s.Spring06Application                : Starting Spring06Application on yjk-GL72M-7REX with PID 9768 (started by yjk in /home/yjk/桌面/project/spring06)
2018-07-21 11:05:56.399 DEBUG yjk-GL72M-7REX --- [           main] c.e.s.Spring06Application                : Running with Spring Boot v2.0.3.RELEASE, Spring v5.0.7.RELEASE
2018-07-21 11:05:56.400  INFO yjk-GL72M-7REX --- [           main] c.e.s.Spring06Application                : The following profiles are active: dev
2018-07-21 11:05:56.435  INFO yjk-GL72M-7REX --- [           main] ConfigServletWebServerApplicationContext : Refreshing org.springframework.boot.web.servlet.context.AnnotationConfigServletWebServerApplicationContext@6236eb5f: startup date [Sat Jul 21 11:05:56 CST 2018]; root of context hierarchy
2018-07-21 11:05:57.009  INFO yjk-GL72M-7REX --- [           main] o.s.b.w.e.t.TomcatWebServer              : Tomcat initialized with port(s): 8080 (http)
2018-07-21 11:05:57.020  INFO yjk-GL72M-7REX --- [           main] o.a.c.h.Http11NioProtocol                : Initializing ProtocolHandler ["http-nio-8080"]
2018-07-21 11:05:57.025  INFO yjk-GL72M-7REX --- [           main] o.a.c.c.StandardService                  : Starting service [Tomcat]
2018-07-21 11:05:57.026  INFO yjk-GL72M-7REX --- [           main] o.a.c.c.StandardEngine                   : Starting Servlet Engine: Apache Tomcat/8.5.31
2018-07-21 11:05:57.029  INFO yjk-GL72M-7REX --- [ost-startStop-1] o.a.c.c.AprLifecycleListener             : The APR based Apache Tomcat Native library which allows optimal performance in production environments was not found on the java.library.path: [/usr/java/packages/lib/amd64:/usr/lib64:/lib64:/lib:/usr/lib]
2018-07-21 11:05:57.066  INFO yjk-GL72M-7REX --- [ost-startStop-1] o.a.c.c.C.[.[.[/]                        : Initializing Spring embedded WebApplicationContext
2018-07-21 11:05:57.066  INFO yjk-GL72M-7REX --- [ost-startStop-1] o.s.w.c.ContextLoader                    : Root WebApplicationContext: initialization completed in 634 ms
2018-07-21 11:05:57.127  INFO yjk-GL72M-7REX --- [ost-startStop-1] o.s.b.w.s.ServletRegistrationBean        : Servlet dispatcherServlet mapped to [/]
2018-07-21 11:05:57.129  INFO yjk-GL72M-7REX --- [ost-startStop-1] o.s.b.w.s.FilterRegistrationBean         : Mapping filter: 'characterEncodingFilter' to: [/*]
2018-07-21 11:05:57.129  INFO yjk-GL72M-7REX --- [ost-startStop-1] o.s.b.w.s.FilterRegistrationBean         : Mapping filter: 'hiddenHttpMethodFilter' to: [/*]
2018-07-21 11:05:57.130  INFO yjk-GL72M-7REX --- [ost-startStop-1] o.s.b.w.s.FilterRegistrationBean         : Mapping filter: 'httpPutFormContentFilter' to: [/*]
2018-07-21 11:05:57.130  INFO yjk-GL72M-7REX --- [ost-startStop-1] o.s.b.w.s.FilterRegistrationBean         : Mapping filter: 'requestContextFilter' to: [/*]
2018-07-21 11:05:57.205  INFO yjk-GL72M-7REX --- [           main] o.s.w.s.h.SimpleUrlHandlerMapping        : Mapped URL path [/**/favicon.ico] onto handler of type [class org.springframework.web.servlet.resource.ResourceHttpRequestHandler]
2018-07-21 11:05:57.342  INFO yjk-GL72M-7REX --- [           main] s.w.s.m.m.a.RequestMappingHandlerAdapter : Looking for @ControllerAdvice: org.springframework.boot.web.servlet.context.AnnotationConfigServletWebServerApplicationContext@6236eb5f: startup date [Sat Jul 21 11:05:56 CST 2018]; root of context hierarchy
2018-07-21 11:05:57.376  INFO yjk-GL72M-7REX --- [           main] s.w.s.m.m.a.RequestMappingHandlerMapping : Mapped "{[/error],produces=[text/html]}" onto public org.springframework.web.servlet.ModelAndView org.springframework.boot.autoconfigure.web.servlet.error.BasicErrorController.errorHtml(javax.servlet.http.HttpServletRequest,javax.servlet.http.HttpServletResponse)
2018-07-21 11:05:57.377  INFO yjk-GL72M-7REX --- [           main] s.w.s.m.m.a.RequestMappingHandlerMapping : Mapped "{[/error]}" onto public org.springframework.http.ResponseEntity<java.util.Map<java.lang.String, java.lang.Object>> org.springframework.boot.autoconfigure.web.servlet.error.BasicErrorController.error(javax.servlet.http.HttpServletRequest)
2018-07-21 11:05:57.390  INFO yjk-GL72M-7REX --- [           main] o.s.w.s.h.SimpleUrlHandlerMapping        : Mapped URL path [/webjars/**] onto handler of type [class org.springframework.web.servlet.resource.ResourceHttpRequestHandler]
2018-07-21 11:05:57.390  INFO yjk-GL72M-7REX --- [           main] o.s.w.s.h.SimpleUrlHandlerMapping        : Mapped URL path [/**] onto handler of type [class org.springframework.web.servlet.resource.ResourceHttpRequestHandler]
2018-07-21 11:05:57.462  INFO yjk-GL72M-7REX --- [           main] o.s.j.e.a.AnnotationMBeanExporter        : Registering beans for JMX exposure on startup
2018-07-21 11:05:57.471  INFO yjk-GL72M-7REX --- [           main] o.a.c.h.Http11NioProtocol                : Starting ProtocolHandler ["http-nio-8080"]
2018-07-21 11:05:57.473  INFO yjk-GL72M-7REX --- [           main] o.a.t.u.n.NioSelectorPool                : Using a shared selector for servlet write/read
2018-07-21 11:05:57.480  INFO yjk-GL72M-7REX --- [           main] o.s.b.w.e.t.TomcatWebServer              : Tomcat started on port(s): 8080 (http) with context path ''
2018-07-21 11:05:57.482  INFO yjk-GL72M-7REX --- [           main] c.e.s.Spring06Application                : Started Spring06Application in 1.436 seconds (JVM running for 1.912)
2018-07-21 11:10:51.527  INFO yjk-GL72M-7REX --- [       Thread-6] ConfigServletWebServerApplicationContext : Closing org.springframework.boot.web.servlet.context.AnnotationConfigServletWebServerApplicationContext@6236eb5f: startup date [Sat Jul 21 11:05:56 CST 2018]; root of context hierarchy
2018-07-21 11:10:51.530  INFO yjk-GL72M-7REX --- [       Thread-6] o.s.j.e.a.AnnotationMBeanExporter        : Unregistering JMX-exposed beans on shutdown
2018-07-21 11:16:39.970  INFO yjk-GL72M-7REX --- [           main] c.e.s.Spring06Application                : Starting Spring06Application on yjk-GL72M-7REX with PID 10413 (started by yjk in /home/yjk/桌面/project/spring06)
2018-07-21 11:16:39.974 DEBUG yjk-GL72M-7REX --- [           main] c.e.s.Spring06Application                : Running with Spring Boot v2.0.3.RELEASE, Spring v5.0.7.RELEASE
2018-07-21 11:16:39.974  INFO yjk-GL72M-7REX --- [           main] c.e.s.Spring06Application                : The following profiles are active: dev
2018-07-21 11:16:40.009  INFO yjk-GL72M-7REX --- [           main] ConfigServletWebServerApplicationContext : Refreshing org.springframework.boot.web.servlet.context.AnnotationConfigServletWebServerApplicationContext@6a03bcb1: startup date [Sat Jul 21 11:16:40 CST 2018]; root of context hierarchy
2018-07-21 11:16:40.641  INFO yjk-GL72M-7REX --- [           main] o.s.b.w.e.t.TomcatWebServer              : Tomcat initialized with port(s): 8080 (http)
2018-07-21 11:16:40.652  INFO yjk-GL72M-7REX --- [           main] o.a.c.h.Http11NioProtocol                : Initializing ProtocolHandler ["http-nio-8080"]
2018-07-21 11:16:40.657  INFO yjk-GL72M-7REX --- [           main] o.a.c.c.StandardService                  : Starting service [Tomcat]
2018-07-21 11:16:40.658  INFO yjk-GL72M-7REX --- [           main] o.a.c.c.StandardEngine                   : Starting Servlet Engine: Apache Tomcat/8.5.31
2018-07-21 11:16:40.661  INFO yjk-GL72M-7REX --- [ost-startStop-1] o.a.c.c.AprLifecycleListener             : The APR based Apache Tomcat Native library which allows optimal performance in production environments was not found on the java.library.path: [/usr/java/packages/lib/amd64:/usr/lib64:/lib64:/lib:/usr/lib]
2018-07-21 11:16:40.699  INFO yjk-GL72M-7REX --- [ost-startStop-1] o.a.c.c.C.[.[.[/]                        : Initializing Spring embedded WebApplicationContext
2018-07-21 11:16:40.699  INFO yjk-GL72M-7REX --- [ost-startStop-1] o.s.w.c.ContextLoader                    : Root WebApplicationContext: initialization completed in 693 ms
2018-07-21 11:16:40.756  INFO yjk-GL72M-7REX --- [ost-startStop-1] o.s.b.w.s.ServletRegistrationBean        : Servlet dispatcherServlet mapped to [/]
2018-07-21 11:16:40.759  INFO yjk-GL72M-7REX --- [ost-startStop-1] o.s.b.w.s.FilterRegistrationBean         : Mapping filter: 'characterEncodingFilter' to: [/*]
2018-07-21 11:16:40.759  INFO yjk-GL72M-7REX --- [ost-startStop-1] o.s.b.w.s.FilterRegistrationBean         : Mapping filter: 'hiddenHttpMethodFilter' to: [/*]
2018-07-21 11:16:40.759  INFO yjk-GL72M-7REX --- [ost-startStop-1] o.s.b.w.s.FilterRegistrationBean         : Mapping filter: 'httpPutFormContentFilter' to: [/*]
2018-07-21 11:16:40.759  INFO yjk-GL72M-7REX --- [ost-startStop-1] o.s.b.w.s.FilterRegistrationBean         : Mapping filter: 'requestContextFilter' to: [/*]
2018-07-21 11:16:40.827  INFO yjk-GL72M-7REX --- [           main] o.s.w.s.h.SimpleUrlHandlerMapping        : Mapped URL path [/**/favicon.ico] onto handler of type [class org.springframework.web.servlet.resource.ResourceHttpRequestHandler]
2018-07-21 11:16:40.978  INFO yjk-GL72M-7REX --- [           main] s.w.s.m.m.a.RequestMappingHandlerAdapter : Looking for @ControllerAdvice: org.springframework.boot.web.servlet.context.AnnotationConfigServletWebServerApplicationContext@6a03bcb1: startup date [Sat Jul 21 11:16:40 CST 2018]; root of context hierarchy
2018-07-21 11:16:41.008  INFO yjk-GL72M-7REX --- [           main] s.w.s.m.m.a.RequestMappingHandlerMapping : Mapped "{[/error],produces=[text/html]}" onto public org.springframework.web.servlet.ModelAndView org.springframework.boot.autoconfigure.web.servlet.error.BasicErrorController.errorHtml(javax.servlet.http.HttpServletRequest,javax.servlet.http.HttpServletResponse)
2018-07-21 11:16:41.009  INFO yjk-GL72M-7REX --- [           main] s.w.s.m.m.a.RequestMappingHandlerMapping : Mapped "{[/error]}" onto public org.springframework.http.ResponseEntity<java.util.Map<java.lang.String, java.lang.Object>> org.springframework.boot.autoconfigure.web.servlet.error.BasicErrorController.error(javax.servlet.http.HttpServletRequest)
2018-07-21 11:16:41.021  INFO yjk-GL72M-7REX --- [           main] o.s.w.s.h.SimpleUrlHandlerMapping        : Mapped URL path [/webjars/**] onto handler of type [class org.springframework.web.servlet.resource.ResourceHttpRequestHandler]
2018-07-21 11:16:41.021  INFO yjk-GL72M-7REX --- [           main] o.s.w.s.h.SimpleUrlHandlerMapping        : Mapped URL path [/**] onto handler of type [class org.springframework.web.servlet.resource.ResourceHttpRequestHandler]
2018-07-21 11:16:41.092  INFO yjk-GL72M-7REX --- [           main] o.s.j.e.a.AnnotationMBeanExporter        : Registering beans for JMX exposure on startup
2018-07-21 11:16:41.100  INFO yjk-GL72M-7REX --- [           main] o.a.c.h.Http11NioProtocol                : Starting ProtocolHandler ["http-nio-8080"]
2018-07-21 11:16:41.103  INFO yjk-GL72M-7REX --- [           main] o.a.t.u.n.NioSelectorPool                : Using a shared selector for servlet write/read
2018-07-21 11:16:41.111  INFO yjk-GL72M-7REX --- [           main] o.s.b.w.e.t.TomcatWebServer              : Tomcat started on port(s): 8080 (http) with context path ''
2018-07-21 11:16:41.114  INFO yjk-GL72M-7REX --- [           main] c.e.s.Spring06Application                : Started Spring06Application in 1.52 seconds (JVM running for 2.014)
2018-07-21 11:16:43.921  INFO yjk-GL72M-7REX --- [       Thread-6] ConfigServletWebServerApplicationContext : Closing org.springframework.boot.web.servlet.context.AnnotationConfigServletWebServerApplicationContext@6a03bcb1: startup date [Sat Jul 21 11:16:40 CST 2018]; root of context hierarchy
2018-07-21 11:16:43.924  INFO yjk-GL72M-7REX --- [       Thread-6] o.s.j.e.a.AnnotationMBeanExporter        : Unregistering JMX-exposed beans on shutdown
2018-07-21 11:17:09.173  INFO yjk-GL72M-7REX --- [           main] c.e.s.ApplicationTests01                 : Starting ApplicationTests01 on yjk-GL72M-7REX with PID 10549 (started by yjk in /home/yjk/桌面/project/spring06)
2018-07-21 11:17:09.177 DEBUG yjk-GL72M-7REX --- [           main] c.e.s.ApplicationTests01                 : Running with Spring Boot v2.0.3.RELEASE, Spring v5.0.7.RELEASE
2018-07-21 11:17:09.178  INFO yjk-GL72M-7REX --- [           main] c.e.s.ApplicationTests01                 : The following profiles are active: dev
2018-07-21 11:17:09.205  INFO yjk-GL72M-7REX --- [           main] o.s.w.c.s.GenericWebApplicationContext   : Refreshing org.springframework.web.context.support.GenericWebApplicationContext@3eb81efb: startup date [Sat Jul 21 11:17:09 CST 2018]; root of context hierarchy
2018-07-21 11:17:10.348  INFO yjk-GL72M-7REX --- [           main] o.s.w.s.h.SimpleUrlHandlerMapping        : Mapped URL path [/**/favicon.ico] onto handler of type [class org.springframework.web.servlet.resource.ResourceHttpRequestHandler]
2018-07-21 11:17:10.579  INFO yjk-GL72M-7REX --- [           main] s.w.s.m.m.a.RequestMappingHandlerAdapter : Looking for @ControllerAdvice: org.springframework.web.context.support.GenericWebApplicationContext@3eb81efb: startup date [Sat Jul 21 11:17:09 CST 2018]; root of context hierarchy
2018-07-21 11:17:10.657  INFO yjk-GL72M-7REX --- [           main] s.w.s.m.m.a.RequestMappingHandlerMapping : Mapped "{[/error],produces=[text/html]}" onto public org.springframework.web.servlet.ModelAndView org.springframework.boot.autoconfigure.web.servlet.error.BasicErrorController.errorHtml(javax.servlet.http.HttpServletRequest,javax.servlet.http.HttpServletResponse)
2018-07-21 11:17:10.658  INFO yjk-GL72M-7REX --- [           main] s.w.s.m.m.a.RequestMappingHandlerMapping : Mapped "{[/error]}" onto public org.springframework.http.ResponseEntity<java.util.Map<java.lang.String, java.lang.Object>> org.springframework.boot.autoconfigure.web.servlet.error.BasicErrorController.error(javax.servlet.http.HttpServletRequest)
2018-07-21 11:17:10.675  INFO yjk-GL72M-7REX --- [           main] o.s.w.s.h.SimpleUrlHandlerMapping        : Mapped URL path [/webjars/**] onto handler of type [class org.springframework.web.servlet.resource.ResourceHttpRequestHandler]
2018-07-21 11:17:10.676  INFO yjk-GL72M-7REX --- [           main] o.s.w.s.h.SimpleUrlHandlerMapping        : Mapped URL path [/**] onto handler of type [class org.springframework.web.servlet.resource.ResourceHttpRequestHandler]
2018-07-21 11:17:10.800  INFO yjk-GL72M-7REX --- [           main] c.e.s.ApplicationTests01                 : Started ApplicationTests01 in 1.991 seconds (JVM running for 3.042)
2018-07-21 11:17:11.130 DEBUG yjk-GL72M-7REX --- [           main] c.e.s.ApplicationTests01                 : Debugging log
2018-07-21 11:17:11.130  INFO yjk-GL72M-7REX --- [           main] c.e.s.ApplicationTests01                 : Info log
2018-07-21 11:17:11.130  WARN yjk-GL72M-7REX --- [           main] c.e.s.ApplicationTests01                 : Hey, This is a warning!
2018-07-21 11:17:11.130 ERROR yjk-GL72M-7REX --- [           main] c.e.s.ApplicationTests01                 : Oops! We have an Error. OK
2018-07-21 11:17:11.130 FATAL yjk-GL72M-7REX --- [           main] c.e.s.ApplicationTests01                 : Damn! Fatal error. Please fix me.
2018-07-21 11:17:11.132  INFO yjk-GL72M-7REX --- [       Thread-2] o.s.w.c.s.GenericWebApplicationContext   : Closing org.springframework.web.context.support.GenericWebApplicationContext@3eb81efb: startup date [Sat Jul 21 11:17:09 CST 2018]; root of context hierarchy
2018-07-21 11:18:39.200  INFO yjk-GL72M-7REX --- [           main] c.e.s.ApplicationTests01                 : Starting ApplicationTests01 on yjk-GL72M-7REX with PID 10735 (started by yjk in /home/yjk/桌面/project/spring06)
2018-07-21 11:18:39.206 DEBUG yjk-GL72M-7REX --- [           main] c.e.s.ApplicationTests01                 : Running with Spring Boot v2.0.3.RELEASE, Spring v5.0.7.RELEASE
2018-07-21 11:18:39.206  INFO yjk-GL72M-7REX --- [           main] c.e.s.ApplicationTests01                 : The following profiles are active: dev
2018-07-21 11:18:39.241  INFO yjk-GL72M-7REX --- [           main] o.s.w.c.s.GenericWebApplicationContext   : Refreshing org.springframework.web.context.support.GenericWebApplicationContext@3eb81efb: startup date [Sat Jul 21 11:18:39 CST 2018]; root of context hierarchy
2018-07-21 11:18:40.266  INFO yjk-GL72M-7REX --- [           main] o.s.w.s.h.SimpleUrlHandlerMapping        : Mapped URL path [/**/favicon.ico] onto handler of type [class org.springframework.web.servlet.resource.ResourceHttpRequestHandler]
2018-07-21 11:18:40.465  INFO yjk-GL72M-7REX --- [           main] s.w.s.m.m.a.RequestMappingHandlerAdapter : Looking for @ControllerAdvice: org.springframework.web.context.support.GenericWebApplicationContext@3eb81efb: startup date [Sat Jul 21 11:18:39 CST 2018]; root of context hierarchy
2018-07-21 11:18:40.561  INFO yjk-GL72M-7REX --- [           main] s.w.s.m.m.a.RequestMappingHandlerMapping : Mapped "{[/error],produces=[text/html]}" onto public org.springframework.web.servlet.ModelAndView org.springframework.boot.autoconfigure.web.servlet.error.BasicErrorController.errorHtml(javax.servlet.http.HttpServletRequest,javax.servlet.http.HttpServletResponse)
2018-07-21 11:18:40.562  INFO yjk-GL72M-7REX --- [           main] s.w.s.m.m.a.RequestMappingHandlerMapping : Mapped "{[/error]}" onto public org.springframework.http.ResponseEntity<java.util.Map<java.lang.String, java.lang.Object>> org.springframework.boot.autoconfigure.web.servlet.error.BasicErrorController.error(javax.servlet.http.HttpServletRequest)
2018-07-21 11:18:40.590  INFO yjk-GL72M-7REX --- [           main] o.s.w.s.h.SimpleUrlHandlerMapping        : Mapped URL path [/webjars/**] onto handler of type [class org.springframework.web.servlet.resource.ResourceHttpRequestHandler]
2018-07-21 11:18:40.590  INFO yjk-GL72M-7REX --- [           main] o.s.w.s.h.SimpleUrlHandlerMapping        : Mapped URL path [/**] onto handler of type [class org.springframework.web.servlet.resource.ResourceHttpRequestHandler]
2018-07-21 11:18:40.741  INFO yjk-GL72M-7REX --- [           main] c.e.s.ApplicationTests01                 : Started ApplicationTests01 in 1.956 seconds (JVM running for 2.924)
2018-07-21 11:18:40.940 DEBUG yjk-GL72M-7REX --- [           main] c.e.s.ApplicationTests01                 : Debugging log
2018-07-21 11:18:40.940  INFO yjk-GL72M-7REX --- [           main] c.e.s.ApplicationTests01                 : Info log
2018-07-21 11:18:40.940  WARN yjk-GL72M-7REX --- [           main] c.e.s.ApplicationTests01                 : Hey, This is a warning!
2018-07-21 11:18:40.940 ERROR yjk-GL72M-7REX --- [           main] c.e.s.ApplicationTests01                 : Oops! We have an Error. OK
2018-07-21 11:18:40.940 FATAL yjk-GL72M-7REX --- [           main] c.e.s.ApplicationTests01                 : Damn! Fatal error. Please fix me.
2018-07-21 11:18:40.944  INFO yjk-GL72M-7REX --- [       Thread-2] o.s.w.c.s.GenericWebApplicationContext   : Closing org.springframework.web.context.support.GenericWebApplicationContext@3eb81efb: startup date [Sat Jul 21 11:18:39 CST 2018]; root of context hierarchy
2018-07-21 11:18:58.073  INFO yjk-GL72M-7REX --- [           main] c.e.s.ApplicationTests01                 : Starting ApplicationTests01 on yjk-GL72M-7REX with PID 10811 (started by yjk in /home/yjk/桌面/project/spring06)
2018-07-21 11:18:58.078 DEBUG yjk-GL72M-7REX --- [           main] c.e.s.ApplicationTests01                 : Running with Spring Boot v2.0.3.RELEASE, Spring v5.0.7.RELEASE
2018-07-21 11:18:58.078  INFO yjk-GL72M-7REX --- [           main] c.e.s.ApplicationTests01                 : The following profiles are active: dev
2018-07-21 11:18:58.116  INFO yjk-GL72M-7REX --- [           main] o.s.w.c.s.GenericWebApplicationContext   : Refreshing org.springframework.web.context.support.GenericWebApplicationContext@2b175c00: startup date [Sat Jul 21 11:18:58 CST 2018]; root of context hierarchy
2018-07-21 11:18:59.328  INFO yjk-GL72M-7REX --- [           main] o.s.w.s.h.SimpleUrlHandlerMapping        : Mapped URL path [/**/favicon.ico] onto handler of type [class org.springframework.web.servlet.resource.ResourceHttpRequestHandler]
2018-07-21 11:18:59.529  INFO yjk-GL72M-7REX --- [           main] s.w.s.m.m.a.RequestMappingHandlerAdapter : Looking for @ControllerAdvice: org.springframework.web.context.support.GenericWebApplicationContext@2b175c00: startup date [Sat Jul 21 11:18:58 CST 2018]; root of context hierarchy
2018-07-21 11:18:59.614  INFO yjk-GL72M-7REX --- [           main] s.w.s.m.m.a.RequestMappingHandlerMapping : Mapped "{[/error],produces=[text/html]}" onto public org.springframework.web.servlet.ModelAndView org.springframework.boot.autoconfigure.web.servlet.error.BasicErrorController.errorHtml(javax.servlet.http.HttpServletRequest,javax.servlet.http.HttpServletResponse)
2018-07-21 11:18:59.616  INFO yjk-GL72M-7REX --- [           main] s.w.s.m.m.a.RequestMappingHandlerMapping : Mapped "{[/error]}" onto public org.springframework.http.ResponseEntity<java.util.Map<java.lang.String, java.lang.Object>> org.springframework.boot.autoconfigure.web.servlet.error.BasicErrorController.error(javax.servlet.http.HttpServletRequest)
2018-07-21 11:18:59.646  INFO yjk-GL72M-7REX --- [           main] o.s.w.s.h.SimpleUrlHandlerMapping        : Mapped URL path [/webjars/**] onto handler of type [class org.springframework.web.servlet.resource.ResourceHttpRequestHandler]
2018-07-21 11:18:59.646  INFO yjk-GL72M-7REX --- [           main] o.s.w.s.h.SimpleUrlHandlerMapping        : Mapped URL path [/**] onto handler of type [class org.springframework.web.servlet.resource.ResourceHttpRequestHandler]
2018-07-21 11:18:59.819  INFO yjk-GL72M-7REX --- [           main] c.e.s.ApplicationTests01                 : Started ApplicationTests01 in 2.242 seconds (JVM running for 3.259)
2018-07-21 11:18:59.985 DEBUG yjk-GL72M-7REX --- [           main] c.e.s.ApplicationTests01                 : Debugging log
2018-07-21 11:18:59.985  INFO yjk-GL72M-7REX --- [           main] c.e.s.ApplicationTests01                 : Info log
2018-07-21 11:18:59.985  WARN yjk-GL72M-7REX --- [           main] c.e.s.ApplicationTests01                 : Hey, This is a warning!
2018-07-21 11:18:59.985 ERROR yjk-GL72M-7REX --- [           main] c.e.s.ApplicationTests01                 : Oops! We have an Error. OK
2018-07-21 11:18:59.986 FATAL yjk-GL72M-7REX --- [           main] c.e.s.ApplicationTests01                 : Damn! Fatal error. Please fix me.
2018-07-21 11:18:59.989  INFO yjk-GL72M-7REX --- [       Thread-2] o.s.w.c.s.GenericWebApplicationContext   : Closing org.springframework.web.context.support.GenericWebApplicationContext@2b175c00: startup date [Sat Jul 21 11:18:58 CST 2018]; root of context hierarchy
2018-07-21 11:36:31.089  INFO yjk-GL72M-7REX --- [           main] c.e.s.Spring06Application                : Starting Spring06Application on yjk-GL72M-7REX with PID 11400 (started by yjk in /home/yjk/桌面/project/spring06)
2018-07-21 11:36:31.158 DEBUG yjk-GL72M-7REX --- [           main] c.e.s.Spring06Application                : Running with Spring Boot v2.0.3.RELEASE, Spring v5.0.7.RELEASE
2018-07-21 11:36:31.159  INFO yjk-GL72M-7REX --- [           main] c.e.s.Spring06Application                : The following profiles are active: dev
2018-07-21 11:36:31.184  INFO yjk-GL72M-7REX --- [           main] ConfigServletWebServerApplicationContext : Refreshing org.springframework.boot.web.servlet.context.AnnotationConfigServletWebServerApplicationContext@11c9af63: startup date [Sat Jul 21 11:36:31 CST 2018]; root of context hierarchy
2018-07-21 11:36:32.003  INFO yjk-GL72M-7REX --- [           main] o.s.b.w.e.t.TomcatWebServer              : Tomcat initialized with port(s): 8080 (http)
2018-07-21 11:36:32.015  INFO yjk-GL72M-7REX --- [           main] o.a.c.h.Http11NioProtocol                : Initializing ProtocolHandler ["http-nio-8080"]
2018-07-21 11:36:32.019  INFO yjk-GL72M-7REX --- [           main] o.a.c.c.StandardService                  : Starting service [Tomcat]
2018-07-21 11:36:32.020  INFO yjk-GL72M-7REX --- [           main] o.a.c.c.StandardEngine                   : Starting Servlet Engine: Apache Tomcat/8.5.31
2018-07-21 11:36:32.023  INFO yjk-GL72M-7REX --- [ost-startStop-1] o.a.c.c.AprLifecycleListener             : The APR based Apache Tomcat Native library which allows optimal performance in production environments was not found on the java.library.path: [/usr/java/packages/lib/amd64:/usr/lib64:/lib64:/lib:/usr/lib]
2018-07-21 11:36:32.060  INFO yjk-GL72M-7REX --- [ost-startStop-1] o.a.c.c.C.[.[.[/]                        : Initializing Spring embedded WebApplicationContext
2018-07-21 11:36:32.061  INFO yjk-GL72M-7REX --- [ost-startStop-1] o.s.w.c.ContextLoader                    : Root WebApplicationContext: initialization completed in 879 ms
2018-07-21 11:36:32.144  INFO yjk-GL72M-7REX --- [ost-startStop-1] o.s.b.w.s.ServletRegistrationBean        : Servlet dispatcherServlet mapped to [/]
2018-07-21 11:36:32.146  INFO yjk-GL72M-7REX --- [ost-startStop-1] o.s.b.w.s.FilterRegistrationBean         : Mapping filter: 'characterEncodingFilter' to: [/*]
2018-07-21 11:36:32.146  INFO yjk-GL72M-7REX --- [ost-startStop-1] o.s.b.w.s.FilterRegistrationBean         : Mapping filter: 'hiddenHttpMethodFilter' to: [/*]
2018-07-21 11:36:32.146  INFO yjk-GL72M-7REX --- [ost-startStop-1] o.s.b.w.s.FilterRegistrationBean         : Mapping filter: 'httpPutFormContentFilter' to: [/*]
2018-07-21 11:36:32.147  INFO yjk-GL72M-7REX --- [ost-startStop-1] o.s.b.w.s.FilterRegistrationBean         : Mapping filter: 'requestContextFilter' to: [/*]
2018-07-21 11:36:32.240  INFO yjk-GL72M-7REX --- [           main] o.s.w.s.h.SimpleUrlHandlerMapping        : Mapped URL path [/**/favicon.ico] onto handler of type [class org.springframework.web.servlet.resource.ResourceHttpRequestHandler]
2018-07-21 11:36:32.417  INFO yjk-GL72M-7REX --- [           main] s.w.s.m.m.a.RequestMappingHandlerAdapter : Looking for @ControllerAdvice: org.springframework.boot.web.servlet.context.AnnotationConfigServletWebServerApplicationContext@11c9af63: startup date [Sat Jul 21 11:36:31 CST 2018]; root of context hierarchy
2018-07-21 11:36:32.451  INFO yjk-GL72M-7REX --- [           main] s.w.s.m.m.a.RequestMappingHandlerMapping : Mapped "{[/hello],methods=[GET]}" onto public java.lang.String com.example.spring06.web.HelloController.hello(java.lang.String)
2018-07-21 11:36:32.454  INFO yjk-GL72M-7REX --- [           main] s.w.s.m.m.a.RequestMappingHandlerMapping : Mapped "{[/error],produces=[text/html]}" onto public org.springframework.web.servlet.ModelAndView org.springframework.boot.autoconfigure.web.servlet.error.BasicErrorController.errorHtml(javax.servlet.http.HttpServletRequest,javax.servlet.http.HttpServletResponse)
2018-07-21 11:36:32.455  INFO yjk-GL72M-7REX --- [           main] s.w.s.m.m.a.RequestMappingHandlerMapping : Mapped "{[/error]}" onto public org.springframework.http.ResponseEntity<java.util.Map<java.lang.String, java.lang.Object>> org.springframework.boot.autoconfigure.web.servlet.error.BasicErrorController.error(javax.servlet.http.HttpServletRequest)
2018-07-21 11:36:32.482  INFO yjk-GL72M-7REX --- [           main] o.s.w.s.h.SimpleUrlHandlerMapping        : Mapped URL path [/webjars/**] onto handler of type [class org.springframework.web.servlet.resource.ResourceHttpRequestHandler]
2018-07-21 11:36:32.482  INFO yjk-GL72M-7REX --- [           main] o.s.w.s.h.SimpleUrlHandlerMapping        : Mapped URL path [/**] onto handler of type [class org.springframework.web.servlet.resource.ResourceHttpRequestHandler]
2018-07-21 11:36:32.633  INFO yjk-GL72M-7REX --- [           main] o.s.j.e.a.AnnotationMBeanExporter        : Registering beans for JMX exposure on startup
2018-07-21 11:36:32.642  INFO yjk-GL72M-7REX --- [           main] o.a.c.h.Http11NioProtocol                : Starting ProtocolHandler ["http-nio-8080"]
2018-07-21 11:36:32.644  INFO yjk-GL72M-7REX --- [           main] o.a.t.u.n.NioSelectorPool                : Using a shared selector for servlet write/read
2018-07-21 11:36:32.652  INFO yjk-GL72M-7REX --- [           main] o.s.b.w.e.t.TomcatWebServer              : Tomcat started on port(s): 8080 (http) with context path ''
2018-07-21 11:36:32.654  INFO yjk-GL72M-7REX --- [           main] c.e.s.Spring06Application                : Started Spring06Application in 1.849 seconds (JVM running for 2.31)
2018-07-21 11:36:37.133  INFO yjk-GL72M-7REX --- [nio-8080-exec-1] o.a.c.c.C.[.[.[/]                        : Initializing Spring FrameworkServlet 'dispatcherServlet'
2018-07-21 11:36:37.133  INFO yjk-GL72M-7REX --- [nio-8080-exec-1] o.s.w.s.DispatcherServlet                : FrameworkServlet 'dispatcherServlet': initialization started
2018-07-21 11:36:37.142  INFO yjk-GL72M-7REX --- [nio-8080-exec-1] o.s.w.s.DispatcherServlet                : FrameworkServlet 'dispatcherServlet': initialization completed in 9 ms
2018-07-21 11:36:37.231  INFO yjk-GL72M-7REX --- [nio-8080-exec-1] c.e.s.a.WebLogAspect                     : URL : http://localhost:8080/hello
2018-07-21 11:36:37.231  INFO yjk-GL72M-7REX --- [nio-8080-exec-1] c.e.s.a.WebLogAspect                     : HTTP_METHOD : GET
2018-07-21 11:36:37.231  INFO yjk-GL72M-7REX --- [nio-8080-exec-1] c.e.s.a.WebLogAspect                     : IP : 127.0.0.1
2018-07-21 11:36:37.232  INFO yjk-GL72M-7REX --- [nio-8080-exec-1] c.e.s.a.WebLogAspect                     : CLASS_METHOD : com.example.spring06.web.HelloController.hello
2018-07-21 11:36:37.233  INFO yjk-GL72M-7REX --- [nio-8080-exec-1] c.e.s.a.WebLogAspect                     : ARGS : [didi]
2018-07-21 11:36:37.236  INFO yjk-GL72M-7REX --- [nio-8080-exec-1] c.e.s.a.WebLogAspect                     : RESPONSE : Hello didi
2018-07-21 11:37:32.939  INFO yjk-GL72M-7REX --- [       Thread-7] ConfigServletWebServerApplicationContext : Closing org.springframework.boot.web.servlet.context.AnnotationConfigServletWebServerApplicationContext@11c9af63: startup date [Sat Jul 21 11:36:31 CST 2018]; root of context hierarchy
2018-07-21 11:37:32.941  INFO yjk-GL72M-7REX --- [       Thread-7] o.s.j.e.a.AnnotationMBeanExporter        : Unregistering JMX-exposed beans on shutdown
2018-07-21 11:45:59.359  INFO yjk-GL72M-7REX --- [           main] c.e.s.Spring06Application                : Starting Spring06Application on yjk-GL72M-7REX with PID 11744 (started by yjk in /home/yjk/桌面/project/spring06)
2018-07-21 11:45:59.364 DEBUG yjk-GL72M-7REX --- [           main] c.e.s.Spring06Application                : Running with Spring Boot v2.0.3.RELEASE, Spring v5.0.7.RELEASE
2018-07-21 11:45:59.364  INFO yjk-GL72M-7REX --- [           main] c.e.s.Spring06Application                : The following profiles are active: dev
2018-07-21 11:45:59.398  INFO yjk-GL72M-7REX --- [           main] ConfigServletWebServerApplicationContext : Refreshing org.springframework.boot.web.servlet.context.AnnotationConfigServletWebServerApplicationContext@1018bde2: startup date [Sat Jul 21 11:45:59 CST 2018]; root of context hierarchy
2018-07-21 11:46:00.127  INFO yjk-GL72M-7REX --- [           main] o.s.b.w.e.t.TomcatWebServer              : Tomcat initialized with port(s): 8080 (http)
2018-07-21 11:46:00.139  INFO yjk-GL72M-7REX --- [           main] o.a.c.h.Http11NioProtocol                : Initializing ProtocolHandler ["http-nio-8080"]
2018-07-21 11:46:00.145  INFO yjk-GL72M-7REX --- [           main] o.a.c.c.StandardService                  : Starting service [Tomcat]
2018-07-21 11:46:00.145  INFO yjk-GL72M-7REX --- [           main] o.a.c.c.StandardEngine                   : Starting Servlet Engine: Apache Tomcat/8.5.31
2018-07-21 11:46:00.149  INFO yjk-GL72M-7REX --- [ost-startStop-1] o.a.c.c.AprLifecycleListener             : The APR based Apache Tomcat Native library which allows optimal performance in production environments was not found on the java.library.path: [/usr/java/packages/lib/amd64:/usr/lib64:/lib64:/lib:/usr/lib]
2018-07-21 11:46:00.188  INFO yjk-GL72M-7REX --- [ost-startStop-1] o.a.c.c.C.[.[.[/]                        : Initializing Spring embedded WebApplicationContext
2018-07-21 11:46:00.188  INFO yjk-GL72M-7REX --- [ost-startStop-1] o.s.w.c.ContextLoader                    : Root WebApplicationContext: initialization completed in 794 ms
2018-07-21 11:46:00.262  INFO yjk-GL72M-7REX --- [ost-startStop-1] o.s.b.w.s.ServletRegistrationBean        : Servlet dispatcherServlet mapped to [/]
2018-07-21 11:46:00.264  INFO yjk-GL72M-7REX --- [ost-startStop-1] o.s.b.w.s.FilterRegistrationBean         : Mapping filter: 'characterEncodingFilter' to: [/*]
2018-07-21 11:46:00.265  INFO yjk-GL72M-7REX --- [ost-startStop-1] o.s.b.w.s.FilterRegistrationBean         : Mapping filter: 'hiddenHttpMethodFilter' to: [/*]
2018-07-21 11:46:00.265  INFO yjk-GL72M-7REX --- [ost-startStop-1] o.s.b.w.s.FilterRegistrationBean         : Mapping filter: 'httpPutFormContentFilter' to: [/*]
2018-07-21 11:46:00.265  INFO yjk-GL72M-7REX --- [ost-startStop-1] o.s.b.w.s.FilterRegistrationBean         : Mapping filter: 'requestContextFilter' to: [/*]
2018-07-21 11:46:00.359  INFO yjk-GL72M-7REX --- [           main] o.s.w.s.h.SimpleUrlHandlerMapping        : Mapped URL path [/**/favicon.ico] onto handler of type [class org.springframework.web.servlet.resource.ResourceHttpRequestHandler]
2018-07-21 11:46:00.538  INFO yjk-GL72M-7REX --- [           main] s.w.s.m.m.a.RequestMappingHandlerAdapter : Looking for @ControllerAdvice: org.springframework.boot.web.servlet.context.AnnotationConfigServletWebServerApplicationContext@1018bde2: startup date [Sat Jul 21 11:45:59 CST 2018]; root of context hierarchy
2018-07-21 11:46:00.577  INFO yjk-GL72M-7REX --- [           main] s.w.s.m.m.a.RequestMappingHandlerMapping : Mapped "{[/hello],methods=[GET]}" onto public java.lang.String com.example.spring06.web.HelloController.hello(java.lang.String)
2018-07-21 11:46:00.581  INFO yjk-GL72M-7REX --- [           main] s.w.s.m.m.a.RequestMappingHandlerMapping : Mapped "{[/error],produces=[text/html]}" onto public org.springframework.web.servlet.ModelAndView org.springframework.boot.autoconfigure.web.servlet.error.BasicErrorController.errorHtml(javax.servlet.http.HttpServletRequest,javax.servlet.http.HttpServletResponse)
2018-07-21 11:46:00.582  INFO yjk-GL72M-7REX --- [           main] s.w.s.m.m.a.RequestMappingHandlerMapping : Mapped "{[/error]}" onto public org.springframework.http.ResponseEntity<java.util.Map<java.lang.String, java.lang.Object>> org.springframework.boot.autoconfigure.web.servlet.error.BasicErrorController.error(javax.servlet.http.HttpServletRequest)
2018-07-21 11:46:00.606  INFO yjk-GL72M-7REX --- [           main] o.s.w.s.h.SimpleUrlHandlerMapping        : Mapped URL path [/webjars/**] onto handler of type [class org.springframework.web.servlet.resource.ResourceHttpRequestHandler]
2018-07-21 11:46:00.606  INFO yjk-GL72M-7REX --- [           main] o.s.w.s.h.SimpleUrlHandlerMapping        : Mapped URL path [/**] onto handler of type [class org.springframework.web.servlet.resource.ResourceHttpRequestHandler]
2018-07-21 11:46:00.720  INFO yjk-GL72M-7REX --- [           main] o.s.j.e.a.AnnotationMBeanExporter        : Registering beans for JMX exposure on startup
2018-07-21 11:46:00.729  INFO yjk-GL72M-7REX --- [           main] o.a.c.h.Http11NioProtocol                : Starting ProtocolHandler ["http-nio-8080"]
2018-07-21 11:46:00.732  INFO yjk-GL72M-7REX --- [           main] o.a.t.u.n.NioSelectorPool                : Using a shared selector for servlet write/read
2018-07-21 11:46:00.739  INFO yjk-GL72M-7REX --- [           main] o.s.b.w.e.t.TomcatWebServer              : Tomcat started on port(s): 8080 (http) with context path ''
2018-07-21 11:46:00.741  INFO yjk-GL72M-7REX --- [           main] c.e.s.Spring06Application                : Started Spring06Application in 1.743 seconds (JVM running for 2.206)
2018-07-21 11:46:09.389  INFO yjk-GL72M-7REX --- [nio-8080-exec-1] o.a.c.c.C.[.[.[/]                        : Initializing Spring FrameworkServlet 'dispatcherServlet'
2018-07-21 11:46:09.389  INFO yjk-GL72M-7REX --- [nio-8080-exec-1] o.s.w.s.DispatcherServlet                : FrameworkServlet 'dispatcherServlet': initialization started
2018-07-21 11:46:09.398  INFO yjk-GL72M-7REX --- [nio-8080-exec-1] o.s.w.s.DispatcherServlet                : FrameworkServlet 'dispatcherServlet': initialization completed in 9 ms
2018-07-21 11:46:09.423  INFO yjk-GL72M-7REX --- [nio-8080-exec-1] c.e.s.a.WebLogAspect                     : URL : http://localhost:8080/hello
2018-07-21 11:46:09.423  INFO yjk-GL72M-7REX --- [nio-8080-exec-1] c.e.s.a.WebLogAspect                     : HTTP_METHOD : GET
2018-07-21 11:46:09.423  INFO yjk-GL72M-7REX --- [nio-8080-exec-1] c.e.s.a.WebLogAspect                     : IP : 127.0.0.1
2018-07-21 11:46:09.424  INFO yjk-GL72M-7REX --- [nio-8080-exec-1] c.e.s.a.WebLogAspect                     : CLASS_METHOD : com.example.spring06.web.HelloController.hello
2018-07-21 11:46:09.424  INFO yjk-GL72M-7REX --- [nio-8080-exec-1] c.e.s.a.WebLogAspect                     : ARGS : [didi]
2018-07-21 11:46:09.426  INFO yjk-GL72M-7REX --- [nio-8080-exec-1] c.e.s.a.WebLogAspect                     : RESPONSE : Hello didi
2018-07-21 11:46:09.426  INFO yjk-GL72M-7REX --- [nio-8080-exec-1] c.e.s.a.WebLogAspect                     : SPEND TIME : 4
2018-07-21 11:46:36.959  INFO yjk-GL72M-7REX --- [       Thread-7] ConfigServletWebServerApplicationContext : Closing org.springframework.boot.web.servlet.context.AnnotationConfigServletWebServerApplicationContext@1018bde2: startup date [Sat Jul 21 11:45:59 CST 2018]; root of context hierarchy
2018-07-21 11:46:36.963  INFO yjk-GL72M-7REX --- [       Thread-7] o.s.j.e.a.AnnotationMBeanExporter        : Unregistering JMX-exposed beans on shutdown
